#
# There is insufficient memory for the Java Runtime Environment to continue.
# Native memory allocation (mmap) failed to map 130023424 bytes for G1 virtual space
# Possible reasons:
#   The system is out of physical RAM or swap space
#   The process is running with CompressedOops enabled, and the Java Heap may be blocking the growth of the native heap
# Possible solutions:
#   Reduce memory load on the system
#   Increase physical memory or swap space
#   Check if swap backing store is full
#   Decrease Java heap size (-Xmx/-Xms)
#   Decrease number of Java threads
#   Decrease Java thread stack sizes (-Xss)
#   Set larger code cache with -XX:ReservedCodeCacheSize=
#   JVM is running with Unscaled Compressed Oops mode in which the Java heap is
#     placed in the first 4GB address space. The Java Heap base address is the
#     maximum limit for the native heap growth. Please use -XX:HeapBaseMinAddress
#     to set the Java Heap base and to place the Java Heap above 4GB virtual address.
# This output file may be truncated or incomplete.
#
#  Out of Memory Error (os_windows.cpp:3548), pid=6464, tid=14344
#
# JRE version:  (17.0.12+8) (build )
# Java VM: Java HotSpot(TM) 64-Bit Server VM (17.0.12+8-LTS-286, mixed mode, sharing, tiered, compressed oops, compressed class ptrs, g1 gc, windows-amd64)
# No core dump will be written. Minidumps are not enabled by default on client versions of Windows
#

---------------  S U M M A R Y ------------

Command Line: -XX:+ShowCodeDetailsInExceptionMessages CompletableFuture.completable_future.Main

Host: Intel(R) Core(TM) i5-1035G1 CPU @ 1.00GHz, 8 cores, 7G,  Windows 11 , 64 bit Build 22621 (10.0.22621.3958)
Time: Wed Oct 22 16:01:02 2025 India Standard Time elapsed time: 0.025030 seconds (0d 0h 0m 0s)

---------------  T H R E A D  ---------------

Current thread (0x000002ae21330730):  JavaThread "Unknown thread" [_thread_in_vm, id=14344, stack(0x000000f98aa00000,0x000000f98ab00000)]

Stack: [0x000000f98aa00000,0x000000f98ab00000]
Native frames: (J=compiled Java code, j=interpreted, Vv=VM code, C=native code)
V  [jvm.dll+0x67a04a]
V  [jvm.dll+0x7da4ed]
V  [jvm.dll+0x7dbe33]
V  [jvm.dll+0x7dc4a3]
V  [jvm.dll+0x24508f]
V  [jvm.dll+0x677089]
V  [jvm.dll+0x66bd32]
V  [jvm.dll+0x301fa6]
V  [jvm.dll+0x309546]
V  [jvm.dll+0x359d2e]
V  [jvm.dll+0x359f5f]
V  [jvm.dll+0x2d9078]
V  [jvm.dll+0x2d9fe4]
V  [jvm.dll+0x7aca21]
V  [jvm.dll+0x367591]
V  [jvm.dll+0x78b999]
V  [jvm.dll+0x3ec83f]
V  [jvm.dll+0x3ee471]
C  [jli.dll+0x5297]
C  [ucrtbase.dll+0x29333]
C  [KERNEL32.DLL+0x1257d]
C  [ntdll.dll+0x5af08]


---------------  P R O C E S S  ---------------

Threads class SMR info:
_java_thread_list=0x00007fff200f7a18, length=0, elements={
}

Java Threads: ( => current thread )

Other Threads:
  0x000002ae2138a4b0 GCTaskThread "GC Thread#0" [stack: 0x000000f98ab00000,0x000000f98ac00000] [id=4036]
  0x000002ae2139ba50 ConcurrentGCThread "G1 Main Marker" [stack: 0x000000f98ac00000,0x000000f98ad00000] [id=6888]
  0x000002ae2139cc00 ConcurrentGCThread "G1 Conc#0" [stack: 0x000000f98ad00000,0x000000f98ae00000] [id=20180]

[error occurred during error reporting (printing all threads), id 0xc0000005, EXCEPTION_ACCESS_VIOLATION (0xc0000005) at pc=0x00007fff1f929b67]

VM state: not at safepoint (not fully initialized)

VM Mutex/Monitor currently owned by a thread:  ([mutex/lock_event])
[0x000002ae2132c580] Heap_lock - owner thread: 0x000002ae21330730

Heap address: 0x0000000084e00000, size: 1970 MB, Compressed Oops mode: 32-bit

CDS archive(s) mapped at: [0x0000000000000000-0x0000000000000000-0x0000000000000000), size 0, SharedBaseAddress: 0x0000000800000000, ArchiveRelocationMode: 1.
Narrow klass base: 0x0000000000000000, Narrow klass shift: 0, Narrow klass range: 0x0

GC Precious Log:
<Empty>

Heap:
 garbage-first heap   total 0K, used 0K [0x0000000084e00000, 0x0000000100000000)
  region size 1024K, 0 young (0K), 0 survivors (0K)

[error occurred during error reporting (printing heap information), id 0xc0000005, EXCEPTION_ACCESS_VIOLATION (0xc0000005) at pc=0x00007fff1fd13859]

GC Heap History (0 events):
No events

Deoptimization events (0 events):
No events

Classes unloaded (0 events):
No events

Classes redefined (0 events):
No events

Internal exceptions (0 events):
No events

VM Operations (0 events):
No events

Events (1 events):
Event: 0.012 Loaded shared library C:\Program Files\Java\jdk-17\bin\java.dll


Dynamic libraries:
0x00007ff640a00000 - 0x00007ff640a10000 	C:\Program Files\Java\jdk-17\bin\java.exe
0x00007fffcfcb0000 - 0x00007fffcfec7000 	C:\WINDOWS\SYSTEM32\ntdll.dll
0x00007fffcdcd0000 - 0x00007fffcdd94000 	C:\WINDOWS\System32\KERNEL32.DLL
0x00007fffcd620000 - 0x00007fffcd9d7000 	C:\WINDOWS\System32\KERNELBASE.dll
0x00007fffcd0b0000 - 0x00007fffcd1c1000 	C:\WINDOWS\System32\ucrtbase.dll
0x00007fffb58d0000 - 0x00007fffb58eb000 	C:\Program Files\Java\jdk-17\bin\VCRUNTIME140.dll
0x00007fffac330000 - 0x00007fffac349000 	C:\Program Files\Java\jdk-17\bin\jli.dll
0x00007fffcdae0000 - 0x00007fffcdb92000 	C:\WINDOWS\System32\ADVAPI32.dll
0x00007fffcf950000 - 0x00007fffcf9f7000 	C:\WINDOWS\System32\msvcrt.dll
0x00007fffcf890000 - 0x00007fffcf938000 	C:\WINDOWS\System32\sechost.dll
0x00007fffcd080000 - 0x00007fffcd0a8000 	C:\WINDOWS\System32\bcrypt.dll
0x00007fffce220000 - 0x00007fffce334000 	C:\WINDOWS\System32\RPCRT4.dll
0x00007fffcf6e0000 - 0x00007fffcf88f000 	C:\WINDOWS\System32\USER32.dll
0x00007fffcd270000 - 0x00007fffcd296000 	C:\WINDOWS\System32\win32u.dll
0x00007fffb65a0000 - 0x00007fffb6833000 	C:\WINDOWS\WinSxS\amd64_microsoft.windows.common-controls_6595b64144ccf1df_6.0.22621.3672_none_2713b9d173822955\COMCTL32.dll
0x00007fffcdba0000 - 0x00007fffcdbc9000 	C:\WINDOWS\System32\GDI32.dll
0x00007fffcd500000 - 0x00007fffcd618000 	C:\WINDOWS\System32\gdi32full.dll
0x00007fffcd1d0000 - 0x00007fffcd26a000 	C:\WINDOWS\System32\msvcp_win.dll
0x00007fffca700000 - 0x00007fffca70a000 	C:\WINDOWS\SYSTEM32\VERSION.dll
0x00007fffce880000 - 0x00007fffce8b1000 	C:\WINDOWS\System32\IMM32.DLL
0x00007fffc55a0000 - 0x00007fffc55ac000 	C:\Program Files\Java\jdk-17\bin\vcruntime140_1.dll
0x00007fffaa150000 - 0x00007fffaa1de000 	C:\Program Files\Java\jdk-17\bin\msvcp140.dll
0x00007fff1f640000 - 0x00007fff20220000 	C:\Program Files\Java\jdk-17\bin\server\jvm.dll
0x00007fffcf680000 - 0x00007fffcf688000 	C:\WINDOWS\System32\PSAPI.DLL
0x00007fffc7800000 - 0x00007fffc7834000 	C:\WINDOWS\SYSTEM32\WINMM.dll
0x00007fffc1200000 - 0x00007fffc1209000 	C:\WINDOWS\SYSTEM32\WSOCK32.dll
0x00007fffce580000 - 0x00007fffce5f1000 	C:\WINDOWS\System32\WS2_32.dll
0x00007fffcbfd0000 - 0x00007fffcbfe8000 	C:\WINDOWS\SYSTEM32\kernel.appcore.dll
0x00007fffb09a0000 - 0x00007fffb09aa000 	C:\Program Files\Java\jdk-17\bin\jimage.dll
0x00007fffca450000 - 0x00007fffca682000 	C:\WINDOWS\SYSTEM32\DBGHELP.DLL
0x00007fffcea80000 - 0x00007fffcee0e000 	C:\WINDOWS\System32\combase.dll
0x00007fffce4a0000 - 0x00007fffce577000 	C:\WINDOWS\System32\OLEAUT32.dll
0x00007fffa7da0000 - 0x00007fffa7dd2000 	C:\WINDOWS\SYSTEM32\dbgcore.DLL
0x00007fffcd2a0000 - 0x00007fffcd31b000 	C:\WINDOWS\System32\bcryptPrimitives.dll
0x00007fffab790000 - 0x00007fffab7b5000 	C:\Program Files\Java\jdk-17\bin\java.dll

dbghelp: loaded successfully - version: 4.0.5 - missing functions: none
symbol engine: initialized successfully - sym options: 0x614 - pdb path: .;C:\Program Files\Java\jdk-17\bin;C:\WINDOWS\SYSTEM32;C:\WINDOWS\WinSxS\amd64_microsoft.windows.common-controls_6595b64144ccf1df_6.0.22621.3672_none_2713b9d173822955;C:\Program Files\Java\jdk-17\bin\server

VM Arguments:
jvm_args: -XX:+ShowCodeDetailsInExceptionMessages 
java_command: CompletableFuture.completable_future.Main
java_class_path (initial): C:\Users\hp\Desktop\Java core\Java Concepts\bin
Launcher Type: SUN_STANDARD

[Global flags]
     intx CICompilerCount                          = 4                                         {product} {ergonomic}
     uint ConcGCThreads                            = 2                                         {product} {ergonomic}
     uint G1ConcRefinementThreads                  = 8                                         {product} {ergonomic}
   size_t G1HeapRegionSize                         = 1048576                                   {product} {ergonomic}
    uintx GCDrainStackTargetSize                   = 64                                        {product} {ergonomic}
   size_t InitialHeapSize                          = 130023424                                 {product} {ergonomic}
   size_t MarkStackSize                            = 4194304                                   {product} {ergonomic}
   size_t MaxHeapSize                              = 2065694720                                {product} {ergonomic}
   size_t MinHeapDeltaBytes                        = 1048576                                   {product} {ergonomic}
   size_t MinHeapSize                              = 8388608                                   {product} {ergonomic}
    uintx NonNMethodCodeHeapSize                   = 5839372                                {pd product} {ergonomic}
    uintx NonProfiledCodeHeapSize                  = 122909434                              {pd product} {ergonomic}
    uintx ProfiledCodeHeapSize                     = 122909434                              {pd product} {ergonomic}
    uintx ReservedCodeCacheSize                    = 251658240                              {pd product} {ergonomic}
     bool SegmentedCodeCache                       = true                                      {product} {ergonomic}
     bool ShowCodeDetailsInExceptionMessages       = true                                   {manageable} {command line}
   size_t SoftMaxHeapSize                          = 2065694720                             {manageable} {ergonomic}
     bool UseCompressedClassPointers               = true                           {product lp64_product} {ergonomic}
     bool UseCompressedOops                        = true                           {product lp64_product} {ergonomic}
     bool UseG1GC                                  = true                                      {product} {ergonomic}
     bool UseLargePagesIndividualAllocation        = false                                  {pd product} {ergonomic}

Logging:
Log output configuration:
 #0: stdout all=warning uptime,level,tags
 #1: stderr all=off uptime,level,tags

Environment Variables:
JAVA_HOME=C:\Program Files\Java\jdk-17
PATH=C:\Program Files\Python312\Scripts\;C:\Program Files\Python312\;C:\WINDOWS\system32;C:\WINDOWS;C:\WINDOWS\System32\Wbem;C:\WINDOWS\System32\WindowsPowerShell\v1.0\;C:\WINDOWS\System32\OpenSSH\;C:\MinGW\bin;C:\ProgramData\chocolatey\bin;C:\Users\hp\Desktop\code;C:\Users\hp\Downloads\Interception\Interception\command line installer;D:\Git\cmd;D:\Node\;C:\mongodb\bin;C:\Program Files\Microsoft\Web Platform Installer\;C:\Program Files (x86)\Microsoft ASP.NET\ASP.NET Web Pages\v1.0\;C:\Program Files\Java\jdk-17\bin;C:\Program Files\MySQL\MySQL Shell 8.0\bin\;C:\Users\hp\AppData\Local\Programs\Python\Python39\Scripts\;C:\Users\hp\AppData\Local\Programs\Python\Python39\;C:\Users\hp\AppData\Local\Microsoft\WindowsApps;C:\Users\hp\AppData\Local\Programs\Microsoft VS Code\bin;C:\Users\hp\AppData\Roaming\npm;C:\Windows\System32\cmd.exe;
USERNAME=hp
LANG=en_US.UTF-8
OS=Windows_NT
PROCESSOR_IDENTIFIER=Intel64 Family 6 Model 126 Stepping 5, GenuineIntel



---------------  S Y S T E M  ---------------

OS:
 Windows 11 , 64 bit Build 22621 (10.0.22621.3958)
OS uptime: 1 days 1:56 hours
Hyper-V role detected

CPU: total 8 (initial active 8) (4 cores per cpu, 2 threads per core) family 6 model 126 stepping 5 microcode 0xa0, cx8, cmov, fxsr, ht, mmx, 3dnowpref, sse, sse2, sse3, ssse3, sse4.1, sse4.2, popcnt, lzcnt, tsc, tscinvbit, avx, avx2, aes, erms, clmul, bmi1, bmi2, adx, avx512f, avx512dq, avx512cd, avx512bw, avx512vl, sha, fma, vzeroupper, avx512_vpopcntdq, avx512_vpclmulqdq, avx512_vaes, avx512_vnni, clflush, clflushopt, avx512_vbmi2, avx512_vbmi, hv

Memory: 4k page, system-wide physical 7877M (1147M free)
TotalPageFile size 14544M (AvailPageFile size 129M)
current process WorkingSet (physical memory assigned to process): 11M, peak: 11M
current process commit charge ("private bytes"): 60M, peak: 184M

vm_info: Java HotSpot(TM) 64-Bit Server VM (17.0.12+8-LTS-286) for windows-amd64 JRE (17.0.12+8-LTS-286), built on Jun  5 2024 06:46:59 by "mach5one" with MS VC++ 17.6 (VS2022)

END.
